Determining if the pthread_create exist failed with the following output:
Change Dir: /opt/ros/groovy/stacks/ros_pkg_tutorials/isella3/build/CMakeFiles/CMakeTmp

Run Build Command:/usr/bin/make "cmTryCompileExec2530953420/fast"
make[1]: Entering directory `/opt/ros/groovy/stacks/ros_pkg_tutorials/isella3/build/CMakeFiles/CMakeTmp'
/usr/bin/make -f CMakeFiles/cmTryCompileExec2530953420.dir/build.make CMakeFiles/cmTryCompileExec2530953420.dir/build
make[2]: Entering directory `/opt/ros/groovy/stacks/ros_pkg_tutorials/isella3/build/CMakeFiles/CMakeTmp'
/usr/bin/cmake -E cmake_progress_report /opt/ros/groovy/stacks/ros_pkg_tutorials/isella3/build/CMakeFiles/CMakeTmp/CMakeFiles 1
Building C object CMakeFiles/cmTryCompileExec2530953420.dir/CheckSymbolExists.c.o
/usr/bin/cc    -o CMakeFiles/cmTryCompileExec2530953420.dir/CheckSymbolExists.c.o   -c /opt/ros/groovy/stacks/ros_pkg_tutorials/isella3/build/CMakeFiles/CMakeTmp/CheckSymbolExists.c
Linking C executable cmTryCompileExec2530953420
/usr/bin/cmake -E cmake_link_script CMakeFiles/cmTryCompileExec2530953420.dir/link.txt --verbose=1
/usr/bin/cc         CMakeFiles/cmTryCompileExec2530953420.dir/CheckSymbolExists.c.o  -o cmTryCompileExec2530953420 -rdynamic 
CMakeFiles/cmTryCompileExec2530953420.dir/CheckSymbolExists.c.o: In function `main':
CheckSymbolExists.c:(.text+0xa): undefined reference to `pthread_create'
collect2: ld returned 1 exit status
make[2]: *** [cmTryCompileExec2530953420] Error 1
make[2]: Leaving directory `/opt/ros/groovy/stacks/ros_pkg_tutorials/isella3/build/CMakeFiles/CMakeTmp'
make[1]: *** [cmTryCompileExec2530953420/fast] Error 2
make[1]: Leaving directory `/opt/ros/groovy/stacks/ros_pkg_tutorials/isella3/build/CMakeFiles/CMakeTmp'

File /opt/ros/groovy/stacks/ros_pkg_tutorials/isella3/build/CMakeFiles/CMakeTmp/CheckSymbolExists.c:
/* */
#include <pthread.h>

int main(int argc, char** argv)
{
  (void)argv;
#ifndef pthread_create
  return ((int*)(&pthread_create))[argc];
#else
  (void)argc;
  return 0;
#endif
}

Determining if the function pthread_create exists in the pthreads failed with the following output:
Change Dir: /opt/ros/groovy/stacks/ros_pkg_tutorials/isella3/build/CMakeFiles/CMakeTmp

Run Build Command:/usr/bin/make "cmTryCompileExec2059098867/fast"
make[1]: Entering directory `/opt/ros/groovy/stacks/ros_pkg_tutorials/isella3/build/CMakeFiles/CMakeTmp'
/usr/bin/make -f CMakeFiles/cmTryCompileExec2059098867.dir/build.make CMakeFiles/cmTryCompileExec2059098867.dir/build
make[2]: Entering directory `/opt/ros/groovy/stacks/ros_pkg_tutorials/isella3/build/CMakeFiles/CMakeTmp'
/usr/bin/cmake -E cmake_progress_report /opt/ros/groovy/stacks/ros_pkg_tutorials/isella3/build/CMakeFiles/CMakeTmp/CMakeFiles 1
Building C object CMakeFiles/cmTryCompileExec2059098867.dir/CheckFunctionExists.c.o
/usr/bin/cc   -DCHECK_FUNCTION_EXISTS=pthread_create   -o CMakeFiles/cmTryCompileExec2059098867.dir/CheckFunctionExists.c.o   -c /usr/share/cmake-2.8/Modules/CheckFunctionExists.c
Linking C executable cmTryCompileExec2059098867
/usr/bin/cmake -E cmake_link_script CMakeFiles/cmTryCompileExec2059098867.dir/link.txt --verbose=1
/usr/bin/cc     -DCHECK_FUNCTION_EXISTS=pthread_create    CMakeFiles/cmTryCompileExec2059098867.dir/CheckFunctionExists.c.o  -o cmTryCompileExec2059098867 -rdynamic -lpthreads 
/usr/bin/ld: cannot find -lpthreads
collect2: ld returned 1 exit status
make[2]: *** [cmTryCompileExec2059098867] Error 1
make[2]: Leaving directory `/opt/ros/groovy/stacks/ros_pkg_tutorials/isella3/build/CMakeFiles/CMakeTmp'
make[1]: *** [cmTryCompileExec2059098867/fast] Error 2
make[1]: Leaving directory `/opt/ros/groovy/stacks/ros_pkg_tutorials/isella3/build/CMakeFiles/CMakeTmp'


